Iteration	Posterior	Likelihood	Prior	d	m	obsNodes[1]	obsNodes[2]	obsNodes[3]	obsNodes[4]	obsNodes[5]	obsNodes[6]	obsNodes[7]	obsNodes[8]	obsNodes[9]	obsNodes[10]	obsNodes[11]	obsNodes[12]	obsNodes[13]	obsNodes[14]	obsNodes[15]	obsNodes[16]	obsNodes[17]	obsNodes[18]	obsNodes[19]	obsNodes[20]	s
0	-10485.2	-10477.6	-7.6335	1.673038	0.5385048	26.484	-0.122	4.129	53.274	-0.357	41.917	21.858	57.694	59.785	-44.699	-27.373	-25.065	15.522	37.417	-22.382	22.731	28.323	-44.428	7.906	4.76	3.955518
100	-10485.2	-10477.6	-7.62357	1.673038	0.5141946	26.484	-0.122	4.129	53.274	-0.357	41.917	21.858	57.694	59.785	-44.699	-27.373	-25.065	15.522	37.417	-22.382	22.731	28.323	-44.428	7.906	4.76	3.905117
200	-10485.1	-10477.6	-7.52198	1.673038	1.08252	26.484	-0.122	4.129	53.274	-0.357	41.917	21.858	57.694	59.785	-44.699	-27.373	-25.065	15.522	37.417	-22.382	22.731	28.323	-44.428	7.906	4.76	3.638439
300	-10485	-10477.6	-7.47143	1.673038	1.080653	26.484	-0.122	4.129	53.274	-0.357	41.917	21.858	57.694	59.785	-44.699	-27.373	-25.065	15.522	37.417	-22.382	22.731	28.323	-44.428	7.906	4.76	3.453759
400	-10485	-10477.6	-7.44758	1.673038	1.305161	26.484	-0.122	4.129	53.274	-0.357	41.917	21.858	57.694	59.785	-44.699	-27.373	-25.065	15.522	37.417	-22.382	22.731	28.323	-44.428	7.906	4.76	3.402377
500	-10485.1	-10477.6	-7.512	1.673038	0.8818588	26.484	-0.122	4.129	53.274	-0.357	41.917	21.858	57.694	59.785	-44.699	-27.373	-25.065	15.522	37.417	-22.382	22.731	28.323	-44.428	7.906	4.76	3.561085
600	-10485	-10477.6	-7.42112	1.673038	1.126051	26.484	-0.122	4.129	53.274	-0.357	41.917	21.858	57.694	59.785	-44.699	-27.373	-25.065	15.522	37.417	-22.382	22.731	28.323	-44.428	7.906	4.76	3.287134
700	-10485	-10477.6	-7.44001	1.673038	0.6164858	26.484	-0.122	4.129	53.274	-0.357	41.917	21.858	57.694	59.785	-44.699	-27.373	-25.065	15.522	37.417	-22.382	22.731	28.323	-44.428	7.906	4.76	3.218336
800	-10485	-10477.6	-7.46077	1.673038	0.7748951	26.484	-0.122	4.129	53.274	-0.357	41.917	21.858	57.694	59.785	-44.699	-27.373	-25.065	15.522	37.417	-22.382	22.731	28.323	-44.428	7.906	4.76	3.345018
900	-10485	-10477.6	-7.43497	1.673038	0.6111545	26.484	-0.122	4.129	53.274	-0.357	41.917	21.858	57.694	59.785	-44.699	-27.373	-25.065	15.522	37.417	-22.382	22.731	28.323	-44.428	7.906	4.76	3.198226
1000	-10484.8	-10477.6	-7.27884	1.673038	0.8008524	26.484	-0.122	4.129	53.274	-0.357	41.917	21.858	57.694	59.785	-44.699	-27.373	-25.065	15.522	37.417	-22.382	22.731	28.323	-44.428	7.906	4.76	2.749052
1100	-10484.8	-10477.6	-7.28786	1.673038	1.073305	26.484	-0.122	4.129	53.274	-0.357	41.917	21.858	57.694	59.785	-44.699	-27.373	-25.065	15.522	37.417	-22.382	22.731	28.323	-44.428	7.906	4.76	2.853406
1200	-10484.8	-10477.6	-7.23879	1.673038	1.918966	26.484	-0.122	4.129	53.274	-0.357	41.917	21.858	57.694	59.785	-44.699	-27.373	-25.065	15.522	37.417	-22.382	22.731	28.323	-44.428	7.906	4.76	2.766512
1300	-10484.8	-10477.6	-7.22888	1.673038	2.097555	26.484	-0.122	4.129	53.274	-0.357	41.917	21.858	57.694	59.785	-44.699	-27.373	-25.065	15.522	37.417	-22.382	22.731	28.323	-44.428	7.906	4.76	2.716701
1400	-10484.8	-10477.6	-7.21164	1.673038	2.001993	26.484	-0.122	4.129	53.274	-0.357	41.917	21.858	57.694	59.785	-44.699	-27.373	-25.065	15.522	37.417	-22.382	22.731	28.323	-44.428	7.906	4.76	2.682803
1500	-10484.7	-10477.6	-7.17773	1.673038	2.361943	26.484	-0.122	4.129	53.274	-0.357	41.917	21.858	57.694	59.785	-44.699	-27.373	-25.065	15.522	37.417	-22.382	22.731	28.323	-44.428	7.906	4.76	2.516859
1600	-10484.9	-10477.6	-7.37745	1.673038	2.530653	26.484	-0.122	4.129	53.274	-0.357	41.917	21.858	57.694	59.785	-44.699	-27.373	-25.065	15.522	37.417	-22.382	22.731	28.323	-44.428	7.906	4.76	3.068315
1700	-10484.7	-10477.6	-7.14137	1.673038	2.396707	26.484	-0.122	4.129	53.274	-0.357	41.917	21.858	57.694	59.785	-44.699	-27.373	-25.065	15.522	37.417	-22.382	22.731	28.323	-44.428	7.906	4.76	2.408413
1800	-10484.7	-10477.6	-7.11988	1.673038	2.273257	26.484	-0.122	4.129	53.274	-0.357	41.917	21.858	57.694	59.785	-44.699	-27.373	-25.065	15.522	37.417	-22.382	22.731	28.323	-44.428	7.906	4.76	2.389477
1900	-10484.7	-10477.6	-7.18831	1.673038	2.525021	26.484	-0.122	4.129	53.274	-0.357	41.917	21.858	57.694	59.785	-44.699	-27.373	-25.065	15.522	37.417	-22.382	22.731	28.323	-44.428	7.906	4.76	2.490651
2000	-10484.8	-10477.6	-7.20542	1.673038	3.131475	26.484	-0.122	4.129	53.274	-0.357	41.917	21.858	57.694	59.785	-44.699	-27.373	-25.065	15.522	37.417	-22.382	22.731	28.323	-44.428	7.906	4.76	2.120463
2100	-10484.7	-10477.6	-7.11285	1.673038	2.797807	26.484	-0.122	4.129	53.274	-0.357	41.917	21.858	57.694	59.785	-44.699	-27.373	-25.065	15.522	37.417	-22.382	22.731	28.323	-44.428	7.906	4.76	2.130141
2200	-10484.7	-10477.6	-7.19364	1.673038	2.632025	26.484	-0.122	4.129	53.274	-0.357	41.917	21.858	57.694	59.785	-44.699	-27.373	-25.065	15.522	37.417	-22.382	22.731	28.323	-44.428	7.906	4.76	2.460687
2300	-10484.7	-10477.6	-7.10511	1.673038	2.521479	26.484	-0.122	4.129	53.274	-0.357	41.917	21.858	57.694	59.785	-44.699	-27.373	-25.065	15.522	37.417	-22.382	22.731	28.323	-44.428	7.906	4.76	2.265307
2400	-10484.5	-10477.6	-6.96869	1.673038	2.362816	26.484	-0.122	4.129	53.274	-0.357	41.917	21.858	57.694	59.785	-44.699	-27.373	-25.065	15.522	37.417	-22.382	22.731	28.323	-44.428	7.906	4.76	1.997295
2500	-10484.5	-10477.6	-6.99325	1.673038	1.98052	26.484	-0.122	4.129	53.274	-0.357	41.917	21.858	57.694	59.785	-44.699	-27.373	-25.065	15.522	37.417	-22.382	22.731	28.323	-44.428	7.906	4.76	2.150666
2600	-10484.8	-10477.6	-7.24954	1.673038	1.816066	26.484	-0.122	4.129	53.274	-0.357	41.917	21.858	57.694	59.785	-44.699	-27.373	-25.065	15.522	37.417	-22.382	22.731	28.323	-44.428	7.906	4.76	2.803817
2700	-10484.7	-10477.6	-7.11472	1.673038	1.695011	26.484	-0.122	4.129	53.274	-0.357	41.917	21.858	57.694	59.785	-44.699	-27.373	-25.065	15.522	37.417	-22.382	22.731	28.323	-44.428	7.906	4.76	2.453275
2800	-10484.5	-10477.6	-6.95375	1.673038	1.748002	26.484	-0.122	4.129	53.274	-0.357	41.917	21.858	57.694	59.785	-44.699	-27.373	-25.065	15.522	37.417	-22.382	22.731	28.323	-44.428	7.906	4.76	2.087246
2900	-10484.5	-10477.6	-6.94884	1.673038	1.044412	26.484	-0.122	4.129	53.274	-0.357	41.917	21.858	57.694	59.785	-44.699	-27.373	-25.065	15.522	37.417	-22.382	22.731	28.323	-44.428	7.906	4.76	1.975799
3000	-10484.5	-10477.6	-6.9757	1.673038	0.8664881	26.484	-0.122	4.129	53.274	-0.357	41.917	21.858	57.694	59.785	-44.699	-27.373	-25.065	15.522	37.417	-22.382	22.731	28.323	-44.428	7.906	4.76	1.961958
3100	-10484.6	-10477.6	-7.03724	1.673038	0.6863298	26.484	-0.122	4.129	53.274	-0.357	41.917	21.858	57.694	59.785	-44.699	-27.373	-25.065	15.522	37.417	-22.382	22.731	28.323	-44.428	7.906	4.76	2.013586
3200	-10484.4	-10477.6	-6.89525	1.673038	1.314404	26.484	-0.122	4.129	53.274	-0.357	41.917	21.858	57.694	59.785	-44.699	-27.373	-25.065	15.522	37.417	-22.382	22.731	28.323	-44.428	7.906	4.76	1.936435
3300	-10484.5	-10477.6	-6.97071	1.673038	1.013849	26.484	-0.122	4.129	53.274	-0.357	41.917	21.858	57.694	59.785	-44.699	-27.373	-25.065	15.522	37.417	-22.382	22.731	28.323	-44.428	7.906	4.76	2.013478
3400	-10484.6	-10477.6	-7.01015	1.673038	0.7595798	26.484	-0.122	4.129	53.274	-0.357	41.917	21.858	57.694	59.785	-44.699	-27.373	-25.065	15.522	37.417	-22.382	22.731	28.323	-44.428	7.906	4.76	1.988504
3500	-10484.6	-10477.6	-6.99975	1.673038	1.278785	26.484	-0.122	4.129	53.274	-0.357	41.917	21.858	57.694	59.785	-44.699	-27.373	-25.065	15.522	37.417	-22.382	22.731	28.323	-44.428	7.906	4.76	2.15047
3600	-10484.6	-10477.6	-7.02657	1.673038	1.126148	26.484	-0.122	4.129	53.274	-0.357	41.917	21.858	57.694	59.785	-44.699	-27.373	-25.065	15.522	37.417	-22.382	22.731	28.323	-44.428	7.906	4.76	2.176568
3700	-10484.6	-10477.6	-7.04764	1.673038	1.786977	26.484	-0.122	4.129	53.274	-0.357	41.917	21.858	57.694	59.785	-44.699	-27.373	-25.065	15.522	37.417	-22.382	22.731	28.323	-44.428	7.906	4.76	2.291375
3800	-10484.5	-10477.6	-6.94782	1.673038	1.682205	26.484	-0.122	4.129	53.274	-0.357	41.917	21.858	57.694	59.785	-44.699	-27.373	-25.065	15.522	37.417	-22.382	22.731	28.323	-44.428	7.906	4.76	2.07623
3900	-10484.6	-10477.6	-7.08866	1.673038	1.029348	26.484	-0.122	4.129	53.274	-0.357	41.917	21.858	57.694	59.785	-44.699	-27.373	-25.065	15.522	37.417	-22.382	22.731	28.323	-44.428	7.906	4.76	2.298338
4000	-10484.7	-10477.6	-7.19145	1.673038	1.198068	26.484	-0.122	4.129	53.274	-0.357	41.917	21.858	57.694	59.785	-44.699	-27.373	-25.065	15.522	37.417	-22.382	22.731	28.323	-44.428	7.906	4.76	2.605385
4100	-10484.7	-10477.6	-7.16257	1.673038	0.8465234	26.484	-0.122	4.129	53.274	-0.357	41.917	21.858	57.694	59.785	-44.699	-27.373	-25.065	15.522	37.417	-22.382	22.731	28.323	-44.428	7.906	4.76	2.428855
4200	-10484.6	-10477.6	-7.06863	1.673038	1.049844	26.484	-0.122	4.129	53.274	-0.357	41.917	21.858	57.694	59.785	-44.699	-27.373	-25.065	15.522	37.417	-22.382	22.731	28.323	-44.428	7.906	4.76	2.255095
4300	-10484.6	-10477.6	-7.0162	1.673038	1.300484	26.484	-0.122	4.129	53.274	-0.357	41.917	21.858	57.694	59.785	-44.699	-27.373	-25.065	15.522	37.417	-22.382	22.731	28.323	-44.428	7.906	4.76	2.191284
4400	-10484.6	-10477.6	-7.02649	1.673038	1.195959	26.484	-0.122	4.129	53.274	-0.357	41.917	21.858	57.694	59.785	-44.699	-27.373	-25.065	15.522	37.417	-22.382	22.731	28.323	-44.428	7.906	4.76	2.193682
4500	-10484.4	-10477.6	-6.83259	1.673038	0.989842	26.484	-0.122	4.129	53.274	-0.357	41.917	21.858	57.694	59.785	-44.699	-27.373	-25.065	15.522	37.417	-22.382	22.731	28.323	-44.428	7.906	4.76	1.70803
4600	-10484.5	-10477.6	-6.96754	1.673038	0.7385785	26.484	-0.122	4.129	53.274	-0.357	41.917	21.858	57.694	59.785	-44.699	-27.373	-25.065	15.522	37.417	-22.382	22.731	28.323	-44.428	7.906	4.76	1.868725
4700	-10484.7	-10477.6	-7.10319	1.673038	0.7813192	26.484	-0.122	4.129	53.274	-0.357	41.917	21.858	57.694	59.785	-44.699	-27.373	-25.065	15.522	37.417	-22.382	22.731	28.323	-44.428	7.906	4.76	2.240581
4800	-10484.7	-10477.6	-7.10193	1.673038	0.9678063	26.484	-0.122	4.129	53.274	-0.357	41.917	21.858	57.694	59.785	-44.699	-27.373	-25.065	15.522	37.417	-22.382	22.731	28.323	-44.428	7.906	4.76	2.312093
4900	-10484.7	-10477.6	-7.15858	1.673038	1.078158	26.484	-0.122	4.129	53.274	-0.357	41.917	21.858	57.694	59.785	-44.699	-27.373	-25.065	15.522	37.417	-22.382	22.731	28.323	-44.428	7.906	4.76	2.491317
5000	-10484.8	-10477.6	-7.25481	1.673038	0.9887799	26.484	-0.122	4.129	53.274	-0.357	41.917	21.858	57.694	59.785	-44.699	-27.373	-25.065	15.522	37.417	-22.382	22.731	28.323	-44.428	7.906	4.76	2.735373
5100	-10484.7	-10477.6	-7.17236	1.673038	1.306648	26.484	-0.122	4.129	53.274	-0.357	41.917	21.858	57.694	59.785	-44.699	-27.373	-25.065	15.522	37.417	-22.382	22.731	28.323	-44.428	7.906	4.76	2.572714
5200	-10484.7	-10477.6	-7.11771	1.673038	1.092052	26.484	-0.122	4.129	53.274	-0.357	41.917	21.858	57.694	59.785	-44.699	-27.373	-25.065	15.522	37.417	-22.382	22.731	28.323	-44.428	7.906	4.76	2.389014
5300	-10484.6	-10477.6	-7.01711	1.673038	1.081056	26.484	-0.122	4.129	53.274	-0.357	41.917	21.858	57.694	59.785	-44.699	-27.373	-25.065	15.522	37.417	-22.382	22.731	28.323	-44.428	7.906	4.76	2.141833
5400	-10484.7	-10477.6	-7.18258	1.673038	0.9981857	26.484	-0.122	4.129	53.274	-0.357	41.917	21.858	57.694	59.785	-44.699	-27.373	-25.065	15.522	37.417	-22.382	22.731	28.323	-44.428	7.906	4.76	2.53417
5500	-10484.9	-10477.6	-7.32913	1.673038	0.7504668	26.484	-0.122	4.129	53.274	-0.357	41.917	21.858	57.694	59.785	-44.699	-27.373	-25.065	15.522	37.417	-22.382	22.731	28.323	-44.428	7.906	4.76	2.888903
5600	-10485	-10477.6	-7.47095	1.673038	0.3162676	26.484	-0.122	4.129	53.274	-0.357	41.917	21.858	57.694	59.785	-44.699	-27.373	-25.065	15.522	37.417	-22.382	22.731	28.323	-44.428	7.906	4.76	3.202555
5700	-10485	-10477.6	-7.40248	1.673038	0.07647573	26.484	-0.122	4.129	53.274	-0.357	41.917	21.858	57.694	59.785	-44.699	-27.373	-25.065	15.522	37.417	-22.382	22.731	28.323	-44.428	7.906	4.76	2.771115
5800	-10485	-10477.6	-7.42738	1.673038	0.1257011	26.484	-0.122	4.129	53.274	-0.357	41.917	21.858	57.694	59.785	-44.699	-27.373	-25.065	15.522	37.417	-22.382	22.731	28.323	-44.428	7.906	4.76	2.912436
5900	-10485	-10477.6	-7.4585	1.673038	0.09865768	26.484	-0.122	4.129	53.274	-0.357	41.917	21.858	57.694	59.785	-44.699	-27.373	-25.065	15.522	37.417	-22.382	22.731	28.323	-44.428	7.906	4.76	3.020414
6000	-10485.1	-10477.6	-7.54043	1.673038	0.1260057	26.484	-0.122	4.129	53.274	-0.357	41.917	21.858	57.694	59.785	-44.699	-27.373	-25.065	15.522	37.417	-22.382	22.731	28.323	-44.428	7.906	4.76	3.382344
6100	-10485	-10477.6	-7.44604	1.673038	0.4882188	26.484	-0.122	4.129	53.274	-0.357	41.917	21.858	57.694	59.785	-44.699	-27.373	-25.065	15.522	37.417	-22.382	22.731	28.323	-44.428	7.906	4.76	3.189221
6200	-10485	-10477.6	-7.43789	1.673038	0.2531033	26.484	-0.122	4.129	53.274	-0.357	41.917	21.858	57.694	59.785	-44.699	-27.373	-25.065	15.522	37.417	-22.382	22.731	28.323	-44.428	7.906	4.76	3.03882
6300	-10484.9	-10477.6	-7.31387	1.673038	0.4875879	26.484	-0.122	4.129	53.274	-0.357	41.917	21.858	57.694	59.785	-44.699	-27.373	-25.065	15.522	37.417	-22.382	22.731	28.323	-44.428	7.906	4.76	2.723392
6400	-10484.8	-10477.6	-7.27081	1.673038	0.5242639	26.484	-0.122	4.129	53.274	-0.357	41.917	21.858	57.694	59.785	-44.699	-27.373	-25.065	15.522	37.417	-22.382	22.731	28.323	-44.428	7.906	4.76	2.601415
6500	-10484.6	-10477.6	-7.06795	1.673038	0.9677035	26.484	-0.122	4.129	53.274	-0.357	41.917	21.858	57.694	59.785	-44.699	-27.373	-25.065	15.522	37.417	-22.382	22.731	28.323	-44.428	7.906	4.76	2.226719
6600	-10484.8	-10477.6	-7.22388	1.673038	1.022346	26.484	-0.122	4.129	53.274	-0.357	41.917	21.858	57.694	59.785	-44.699	-27.373	-25.065	15.522	37.417	-22.382	22.731	28.323	-44.428	7.906	4.76	2.655402
6700	-10484.7	-10477.6	-7.14895	1.673038	1.169516	26.484	-0.122	4.129	53.274	-0.357	41.917	21.858	57.694	59.785	-44.699	-27.373	-25.065	15.522	37.417	-22.382	22.731	28.323	-44.428	7.906	4.76	2.487303
6800	-10484.8	-10477.6	-7.24553	1.673038	1.145586	26.484	-0.122	4.129	53.274	-0.357	41.917	21.858	57.694	59.785	-44.699	-27.373	-25.065	15.522	37.417	-22.382	22.731	28.323	-44.428	7.906	4.76	2.745096
6900	-10484.8	-10477.6	-7.2966	1.673038	1.170609	26.484	-0.122	4.129	53.274	-0.357	41.917	21.858	57.694	59.785	-44.699	-27.373	-25.065	15.522	37.417	-22.382	22.731	28.323	-44.428	7.906	4.76	2.898884
7000	-10484.8	-10477.6	-7.22536	1.673038	0.7824145	26.484	-0.122	4.129	53.274	-0.357	41.917	21.858	57.694	59.785	-44.699	-27.373	-25.065	15.522	37.417	-22.382	22.731	28.323	-44.428	7.906	4.76	2.582156
7100	-10484.8	-10477.6	-7.28517	1.673038	0.8617468	26.484	-0.122	4.129	53.274	-0.357	41.917	21.858	57.694	59.785	-44.699	-27.373	-25.065	15.522	37.417	-22.382	22.731	28.323	-44.428	7.906	4.76	2.788777
7200	-10484.9	-10477.6	-7.36775	1.673038	0.4731823	26.484	-0.122	4.129	53.274	-0.357	41.917	21.858	57.694	59.785	-44.699	-27.373	-25.065	15.522	37.417	-22.382	22.731	28.323	-44.428	7.906	4.76	2.900683
7300	-10485	-10477.6	-7.44095	1.673038	0.7060167	26.484	-0.122	4.129	53.274	-0.357	41.917	21.858	57.694	59.785	-44.699	-27.373	-25.065	15.522	37.417	-22.382	22.731	28.323	-44.428	7.906	4.76	3.25274
7400	-10484.9	-10477.6	-7.36428	1.673038	0.8740355	26.484	-0.122	4.129	53.274	-0.357	41.917	21.858	57.694	59.785	-44.699	-27.373	-25.065	15.522	37.417	-22.382	22.731	28.323	-44.428	7.906	4.76	3.042034
7500	-10484.7	-10477.6	-7.10062	1.673038	1.341371	26.484	-0.122	4.129	53.274	-0.357	41.917	21.858	57.694	59.785	-44.699	-27.373	-25.065	15.522	37.417	-22.382	22.731	28.323	-44.428	7.906	4.76	2.395953
7600	-10484.7	-10477.6	-7.19096	1.673038	1.103272	26.484	-0.122	4.129	53.274	-0.357	41.917	21.858	57.694	59.785	-44.699	-27.373	-25.065	15.522	37.417	-22.382	22.731	28.323	-44.428	7.906	4.76	2.584145
7700	-10484.8	-10477.6	-7.24345	1.673038	1.074076	26.484	-0.122	4.129	53.274	-0.357	41.917	21.858	57.694	59.785	-44.699	-27.373	-25.065	15.522	37.417	-22.382	22.731	28.323	-44.428	7.906	4.76	2.723775
7800	-10484.8	-10477.6	-7.22118	1.673038	1.23838	26.484	-0.122	4.129	53.274	-0.357	41.917	21.858	57.694	59.785	-44.699	-27.373	-25.065	15.522	37.417	-22.382	22.731	28.323	-44.428	7.906	4.76	2.69366
7900	-10484.7	-10477.6	-7.16139	1.673038	1.567523	26.484	-0.122	4.129	53.274	-0.357	41.917	21.858	57.694	59.785	-44.699	-27.373	-25.065	15.522	37.417	-22.382	22.731	28.323	-44.428	7.906	4.76	2.56843
8000	-10484.8	-10477.6	-7.22499	1.673038	1.609058	26.484	-0.122	4.129	53.274	-0.357	41.917	21.858	57.694	59.785	-44.699	-27.373	-25.065	15.522	37.417	-22.382	22.731	28.323	-44.428	7.906	4.76	2.73864
8100	-10485	-10477.6	-7.43414	1.673038	1.478997	26.484	-0.122	4.129	53.274	-0.357	41.917	21.858	57.694	59.785	-44.699	-27.373	-25.065	15.522	37.417	-22.382	22.731	28.323	-44.428	7.906	4.76	3.37106
8200	-10484.9	-10477.6	-7.3531	1.673038	2.012694	26.484	-0.122	4.129	53.274	-0.357	41.917	21.858	57.694	59.785	-44.699	-27.373	-25.065	15.522	37.417	-22.382	22.731	28.323	-44.428	7.906	4.76	3.095107
8300	-10484.8	-10477.6	-7.26376	1.673038	1.434998	26.484	-0.122	4.129	53.274	-0.357	41.917	21.858	57.694	59.785	-44.699	-27.373	-25.065	15.522	37.417	-22.382	22.731	28.323	-44.428	7.906	4.76	2.837681
8400	-10484.6	-10477.6	-7.05564	1.673038	1.748863	26.484	-0.122	4.129	53.274	-0.357	41.917	21.858	57.694	59.785	-44.699	-27.373	-25.065	15.522	37.417	-22.382	22.731	28.323	-44.428	7.906	4.76	2.31139
8500	-10484.6	-10477.6	-7.00476	1.673038	1.843899	26.484	-0.122	4.129	53.274	-0.357	41.917	21.858	57.694	59.785	-44.699	-27.373	-25.065	15.522	37.417	-22.382	22.731	28.323	-44.428	7.906	4.76	2.191232
8600	-10484.5	-10477.6	-6.92853	1.673038	1.723603	26.484	-0.122	4.129	53.274	-0.357	41.917	21.858	57.694	59.785	-44.699	-27.373	-25.065	15.522	37.417	-22.382	22.731	28.323	-44.428	7.906	4.76	2.035948
8700	-10484.5	-10477.6	-6.97168	1.673038	1.543254	26.484	-0.122	4.129	53.274	-0.357	41.917	21.858	57.694	59.785	-44.699	-27.373	-25.065	15.522	37.417	-22.382	22.731	28.323	-44.428	7.906	4.76	2.122424
8800	-10484.2	-10477.6	-6.66049	1.673038	1.596834	26.484	-0.122	4.129	53.274	-0.357	41.917	21.858	57.694	59.785	-44.699	-27.373	-25.065	15.522	37.417	-22.382	22.731	28.323	-44.428	7.906	4.76	1.555864
8900	-10484.2	-10477.6	-6.59843	1.673038	1.275946	26.484	-0.122	4.129	53.274	-0.357	41.917	21.858	57.694	59.785	-44.699	-27.373	-25.065	15.522	37.417	-22.382	22.731	28.323	-44.428	7.906	4.76	1.406825
9000	-10484	-10477.6	-6.40403	1.673038	1.740161	26.484	-0.122	4.129	53.274	-0.357	41.917	21.858	57.694	59.785	-44.699	-27.373	-25.065	15.522	37.417	-22.382	22.731	28.323	-44.428	7.906	4.76	1.203481
9100	-10483.8	-10477.6	-6.27515	1.673038	1.49549	26.484	-0.122	4.129	53.274	-0.357	41.917	21.858	57.694	59.785	-44.699	-27.373	-25.065	15.522	37.417	-22.382	22.731	28.323	-44.428	7.906	4.76	1.044404
9200	-10484.1	-10477.6	-6.52093	1.673038	1.122514	26.484	-0.122	4.129	53.274	-0.357	41.917	21.858	57.694	59.785	-44.699	-27.373	-25.065	15.522	37.417	-22.382	22.731	28.323	-44.428	7.906	4.76	1.224619
9300	-10483.7	-10477.6	-6.11023	1.673038	1.131214	26.484	-0.122	4.129	53.274	-0.357	41.917	21.858	57.694	59.785	-44.699	-27.373	-25.065	15.522	37.417	-22.382	22.731	28.323	-44.428	7.906	4.76	0.5030794
9400	-10483	-10477.6	-5.41758	1.673038	1.451916	26.484	-0.122	4.129	53.274	-0.357	41.917	21.858	57.694	59.785	-44.699	-27.373	-25.065	15.522	37.417	-22.382	22.731	28.323	-44.428	7.906	4.76	0.3792007
9500	-10483.1	-10477.6	-5.51487	1.673038	1.496068	26.484	-0.122	4.129	53.274	-0.357	41.917	21.858	57.694	59.785	-44.699	-27.373	-25.065	15.522	37.417	-22.382	22.731	28.323	-44.428	7.906	4.76	0.4600747
9600	-10480.7	-10477.6	-3.18517	1.673038	1.701133	26.484	-0.122	4.129	53.274	-0.357	41.917	21.858	57.694	59.785	-44.699	-27.373	-25.065	15.522	37.417	-22.382	22.731	28.323	-44.428	7.906	4.76	0.0348155
9700	-10480.7	-10477.6	-3.1505	1.673038	1.677371	26.484	-0.122	4.129	53.274	-0.357	41.917	21.858	57.694	59.785	-44.699	-27.373	-25.065	15.522	37.417	-22.382	22.731	28.323	-44.428	7.906	4.76	0.04636899
9800	-10482.8	-10477.6	-5.24536	1.673038	1.529	26.484	-0.122	4.129	53.274	-0.357	41.917	21.858	57.694	59.785	-44.699	-27.373	-25.065	15.522	37.417	-22.382	22.731	28.323	-44.428	7.906	4.76	0.3471608
9900	-10482.7	-10477.6	-5.1376	1.673038	1.67514	26.484	-0.122	4.129	53.274	-0.357	41.917	21.858	57.694	59.785	-44.699	-27.373	-25.065	15.522	37.417	-22.382	22.731	28.323	-44.428	7.906	4.76	0.3397064
10000	-10481.7	-10477.6	-4.15892	1.673038	1.609311	26.484	-0.122	4.129	53.274	-0.357	41.917	21.858	57.694	59.785	-44.699	-27.373	-25.065	15.522	37.417	-22.382	22.731	28.323	-44.428	7.906	4.76	0.1068728
